<?xml version="1.0" encoding="UTF-8"?>
<!-- Generated by org.testng.reporters.JUnitReportReporter -->
<testsuite hostname="HMECD000787" name="com.truaxis.test.rd.Scenario1Test" tests="8" failures="0" timestamp="28 Nov 2013 10:25:47 GMT" time="17.861" errors="0">
  <testcase name="testRD_1" time="3.260" classname="com.truaxis.test.rd.Scenario1Test"/>
  <testcase name="testRD_6" time="1.872" classname="com.truaxis.test.rd.Scenario1Test"/>
  <testcase name="testRD_2" time="3.198" classname="com.truaxis.test.rd.Scenario1Test"/>
  <testcase name="testRD_5" time="1.918" classname="com.truaxis.test.rd.Scenario1Test"/>
  <testcase name="testRD_4" time="1.888" classname="com.truaxis.test.rd.Scenario1Test"/>
  <testcase name="testRD_8" time="1.840" classname="com.truaxis.test.rd.Scenario1Test"/>
  <testcase name="testRD_3" time="1.919" classname="com.truaxis.test.rd.Scenario1Test"/>
  <testcase name="testRD_7" time="1.966" classname="com.truaxis.test.rd.Scenario1Test"/>
</testsuite> <!-- com.truaxis.test.rd.Scenario1Test -->
