<?xml version="1.0" encoding="UTF-8"?>
<!-- Generated by org.testng.reporters.JUnitReportReporter -->
<testsuite hostname="HMECD000787" name="com.truaxis.test.rd.Scenario3Test" tests="13" failures="0" timestamp="28 Nov 2013 04:30:35 GMT" time="15.657" errors="0">
  <testcase name="testRD_54" time="0.094" classname="com.truaxis.test.rd.Scenario3Test"/>
  <testcase name="testRD_56" time="0.109" classname="com.truaxis.test.rd.Scenario3Test"/>
  <testcase name="testRD_58" time="0.094" classname="com.truaxis.test.rd.Scenario3Test"/>
  <testcase name="testRD_53" time="0.109" classname="com.truaxis.test.rd.Scenario3Test"/>
  <testcase name="testRD_50" time="0.094" classname="com.truaxis.test.rd.Scenario3Test"/>
  <testcase name="testRD_51" time="0.140" classname="com.truaxis.test.rd.Scenario3Test"/>
  <testcase name="testRD_52" time="0.078" classname="com.truaxis.test.rd.Scenario3Test"/>
  <testcase name="testRD_30" time="10.977" classname="com.truaxis.test.rd.Scenario3Test"/>
  <testcase name="testRD_55" time="0.078" classname="com.truaxis.test.rd.Scenario3Test"/>
  <testcase name="testRD_57" time="0.093" classname="com.truaxis.test.rd.Scenario3Test"/>
  <testcase name="testRD_49" time="0.094" classname="com.truaxis.test.rd.Scenario3Test"/>
  <testcase name="login" time="2.417" classname="com.truaxis.test.rd.Scenario3Test"/>
  <testcase name="testRD_59" time="1.280" classname="com.truaxis.test.rd.Scenario3Test"/>
</testsuite> <!-- com.truaxis.test.rd.Scenario3Test -->
