<?xml version="1.0" encoding="UTF-8"?>
<!-- Generated by org.testng.reporters.JUnitReportReporter -->
<testsuite hostname="HMECD000787" name="com.truaxis.test.reporting.Scenario1Test" tests="9" failures="0" timestamp="29 Nov 2013 14:05:33 GMT" time="46.220" errors="0">
  <testcase name="testRD_1" time="3.198" classname="com.truaxis.test.reporting.Scenario1Test"/>
  <testcase name="testRD_7" time="1.763" classname="com.truaxis.test.reporting.Scenario1Test"/>
  <testcase name="testRD_3" time="1.825" classname="com.truaxis.test.reporting.Scenario1Test"/>
  <testcase name="testRD_8" time="1.700" classname="com.truaxis.test.reporting.Scenario1Test"/>
  <testcase name="testRD_5" time="1.762" classname="com.truaxis.test.reporting.Scenario1Test"/>
  <testcase name="testRD_2" time="2.979" classname="com.truaxis.test.reporting.Scenario1Test"/>
  <testcase name="testRD_4" time="1.810" classname="com.truaxis.test.reporting.Scenario1Test"/>
  <testcase name="testRD_6" time="1.732" classname="com.truaxis.test.reporting.Scenario1Test"/>
  <testcase name="testRD_9" time="29.451" classname="com.truaxis.test.reporting.Scenario1Test"/>
</testsuite> <!-- com.truaxis.test.reporting.Scenario1Test -->
